<?xml version="1.0" encoding="UTF-8"?>
<!-- Generated by org.testng.reporters.JUnitReportReporter -->
<testsuite hostname="LAPTOP-IGK2Q2EI" failures="0" tests="10" name="com.testngpack.dataprovider" time="0.013" errors="0" timestamp="2023-05-21T21:18:55 IST" skipped="0">
  <testcase classname="com.testngpack.dataprovider" name="SearchforProduct" time="0.000"/>
  <system-out/>
  <testcase classname="com.testngpack.dataprovider" name="CheckQuantity" time="0.001"/>
  <system-out/>
  <testcase classname="com.testngpack.dataprovider" name="CheckQuantity" time="0.006"/>
  <system-out/>
  <testcase classname="com.testngpack.dataprovider" name="CheckQuantity" time="0.000"/>
  <system-out/>
  <testcase classname="com.testngpack.dataprovider" name="SearchforProduct" time="0.001"/>
  <system-out/>
  <testcase classname="com.testngpack.dataprovider" name="SearchforProduct" time="0.001"/>
  <system-out/>
  <testcase classname="com.testngpack.dataprovider" name="SearchforProduct" time="0.001"/>
  <system-out/>
  <testcase classname="com.testngpack.dataprovider" name="CheckQuantity" time="0.000"/>
  <system-out/>
  <testcase classname="com.testngpack.dataprovider" name="SearchforProduct" time="0.000"/>
  <system-out/>
  <testcase classname="com.testngpack.dataprovider" name="SearchforProduct" time="0.003"/>
  <system-out/>
</testsuite> <!-- com.testngpack.dataprovider -->
