<?xml version="1.0" encoding="UTF-8"?>
<!-- Generated by org.testng.reporters.JUnitReportReporter -->
<testsuite hostname="LAPTOP-IGK2Q2EI" failures="0" tests="2" name="com.testngpack.AllannotationExample" time="0.009" errors="0" timestamp="2023-05-21T21:13:08 IST" skipped="0">
  <testcase classname="com.testngpack.AllannotationExample" name="Testcase1" time="0.006"/>
  <system-out/>
  <testcase classname="com.testngpack.AllannotationExample" name="Testcase2" time="0.003"/>
  <system-out/>
</testsuite> <!-- com.testngpack.AllannotationExample -->
