<?xml version="1.0" encoding="UTF-8"?>
<!-- Generated by org.testng.reporters.JUnitReportReporter -->
<testsuite hostname="LAPTOP-IGK2Q2EI" failures="0" tests="2" name="com.testngpack.parallelExecution" time="13.403" errors="0" timestamp="2023-05-21T21:18:55 IST" skipped="0">
  <testcase classname="com.testngpack.parallelExecution" name="LoginChromeTest" time="5.558"/>
  <system-out/>
  <testcase classname="com.testngpack.parallelExecution" name="LoginFirefoxTest" time="7.845"/>
  <system-out/>
</testsuite> <!-- com.testngpack.parallelExecution -->
