<?xml version="1.0" encoding="UTF-8"?>
<!-- Generated by org.testng.reporters.JUnitReportReporter -->
<testsuite hostname="LAPTOP-IGK2Q2EI" failures="0" tests="5" name="com.testngpack.otherAnnoations" time="0.010" errors="0" timestamp="2023-05-20T22:41:13 IST" skipped="0">
  <testcase classname="com.testngpack.otherAnnoations" name="Testcase1" time="0.001"/>
  <system-out/>
  <testcase classname="com.testngpack.otherAnnoations" name="Testcase1" time="0.006"/>
  <system-out/>
  <testcase classname="com.testngpack.otherAnnoations" name="Testcase1" time="0.001"/>
  <system-out/>
  <testcase classname="com.testngpack.otherAnnoations" name="Testcase1" time="0.001"/>
  <system-out/>
  <testcase classname="com.testngpack.otherAnnoations" name="Testcase1" time="0.001"/>
  <system-out/>
</testsuite> <!-- com.testngpack.otherAnnoations -->
