<?xml version="1.0" encoding="UTF-8"?>
<!-- Generated by org.testng.reporters.JUnitReportReporter -->
<testsuite hostname="LAPTOP-IGK2Q2EI" failures="0" tests="4" name="com.testngpack.groupexample" time="0.007" errors="0" timestamp="2023-05-21T09:50:50 IST" skipped="0">
  <testcase classname="com.testngpack.groupexample" name="Registrations" time="0.005"/>
  <system-out/>
  <testcase classname="com.testngpack.groupexample" name="additemtowishlist" time="0.001"/>
  <system-out/>
  <testcase classname="com.testngpack.groupexample" name="SearchForProduct" time="0.001"/>
  <system-out/>
  <testcase classname="com.testngpack.groupexample" name="loginAmazon" time="0.000"/>
  <system-out/>
</testsuite> <!-- com.testngpack.groupexample -->
